
> wms@0.1.0 build
> next build

  ▲ Next.js 14.2.35

   Creating an optimized production build ...
 ✓ Compiled successfully
   Linting and checking validity of types ...

Failed to compile.

./src/app/api/vehicle-entry/route.ts
37:19  Error: Unexpected any. Specify a different type.  @typescript-eslint/no-explicit-any

./src/components/ui/input.tsx
4:18  Error: An interface declaring no members is equivalent to its supertype.  @typescript-eslint/no-empty-object-type

./src/components/vehicle-entry-form.tsx
91:33  Error: Unexpected any. Specify a different type.  @typescript-eslint/no-explicit-any
122:19  Error: Unexpected any. Specify a different type.  @typescript-eslint/no-explicit-any

./src/lib/auth.ts
12:32  Error: Unexpected any. Specify a different type.  @typescript-eslint/no-explicit-any

./src/lib/googleDrive.ts
11:63  Error: Unexpected any. Specify a different type.  @typescript-eslint/no-explicit-any

./src/lib/googleSheets.ts
10:65  Error: Unexpected any. Specify a different type.  @typescript-eslint/no-explicit-any

info  - Need to disable some ESLint rules? Learn more here: https://nextjs.org/docs/basic-features/eslint#disabling-rules
